<?xml version="1.0" encoding="UTF-8"?>
<!-- Generated by org.testng.reporters.JUnitXMLReporter -->
<testsuite hostname="yes4me" name="smokeTesting" tests="4" failures="0" timestamp="14 Oct 2015 03:51:30 GMT" time="63.23" errors="0">
  <testcase name="basicOperationUsingButtons" time="11.096" classname="com.thomas.tests.WebCalculator"/>
  <testcase name="basicOperationUsingButtons" time="10.718" classname="com.thomas.tests.WebCalculator"/>
  <testcase name="basicOperationUsingButtons" time="11.766" classname="com.thomas.tests.WebCalculator"/>
  <testcase name="basicOperationUsingButtons" time="11.683" classname="com.thomas.tests.WebCalculator"/>
</testsuite> <!-- smokeTesting -->
