<?xml version="1.0" encoding="UTF-8"?>
<!-- Generated by org.testng.reporters.JUnitXMLReporter -->
<testsuite hostname="yes4me" name="smokeTesting" tests="8" failures="0" timestamp="14 Oct 2015 19:29:20 GMT" time="102.117" errors="0">
  <testcase name="basicOperationUsingButtons" time="8.305" classname="com.thomas.tests.WebCalculator"/>
  <testcase name="basicOperationUsingButtons" time="8.314" classname="com.thomas.tests.WebCalculator"/>
  <testcase name="basicOperationUsingButtons" time="9.273" classname="com.thomas.tests.WebCalculator"/>
  <testcase name="basicOperationUsingButtons" time="9.172" classname="com.thomas.tests.WebCalculator"/>
  <testcase name="basicOperationUsingConsole" time="7.019" classname="com.thomas.tests.WebCalculator"/>
  <testcase name="basicOperationUsingConsole" time="7.655" classname="com.thomas.tests.WebCalculator"/>
  <testcase name="basicOperationUsingConsole" time="7.813" classname="com.thomas.tests.WebCalculator"/>
  <testcase name="basicOperationUsingConsole" time="7.278" classname="com.thomas.tests.WebCalculator"/>
</testsuite> <!-- smokeTesting -->
