<?xml version="1.0" encoding="UTF-8"?>
<!-- Generated by org.testng.reporters.JUnitXMLReporter -->
<testsuite hostname="yes4me" name="Default test" tests="4" failures="0" timestamp="14 Oct 2015 03:39:09 GMT" time="56.524" errors="0">
  <testcase name="basicOperationUsingButtons" time="9.982" classname="com.thomas.tests.WebCalculator"/>
  <testcase name="basicOperationUsingButtons" time="10.155" classname="com.thomas.tests.WebCalculator"/>
  <testcase name="basicOperationUsingButtons" time="12.025" classname="com.thomas.tests.WebCalculator"/>
  <testcase name="basicOperationUsingButtons" time="13.256" classname="com.thomas.tests.WebCalculator"/>
</testsuite> <!-- Default test -->
